Arguments: 
  C:\Program Files\nodejs\node.exe C:\Users\wajid\AppData\Roaming\npm\node_modules\yarn\bin\yarn.js add @material-ui/icons

PATH: 
  C:\Program Files (x86)\Common Files\Oracle\Java\javapath;C:\ProgramData\Oracle\Java\javapath;C:\Program Files (x86)\Intel\iCLS Client\;C:\Program Files\Intel\iCLS Client\;C:\WINDOWS\system32;C:\WINDOWS;C:\WINDOWS\System32\Wbem;C:\WINDOWS\System32\WindowsPowerShell\v1.0\;c:\Program Files\Intel\WiFi\bin\;c:\Program Files\Common Files\Intel\WirelessCommon\;C:\Program Files (x86)\Intel\Intel(R) Management Engine Components\DAL;C:\Program Files\Intel\Intel(R) Management Engine Components\DAL;C:\Program Files (x86)\Intel\Intel(R) Management Engine Components\IPT;C:\Program Files\Intel\Intel(R) Management Engine Components\IPT;C:\Program Files\MongoDB\Server\4.4\bin;C:\WINDOWS\System32\OpenSSH\;C:\Program Files\Git\cmd;C:\Program Files\dotnet\;C:\Program Files\Microsoft SQL Server\130\Tools\Binn\;C:\Program Files\Microsoft SQL Server\Client SDK\ODBC\170\Tools\Binn\;C:\Users\wajid\Downloads\Compressed\php-8.0.3-nts-Win32-vs16-x64;C:\ProgramData\ComposerSetup\bin;C:\Users\wajid\Downloads\Compressed\php-8.0.3-nts-Win32-vs16-x64;C:\Program Files\Amazon\AWSCLI\bin\;C:\Program Files\pgAdmin 4\v5;C:\Program Files\Java\jdk1.8.0_162;C:\Users\wajid\AppData\Roaming\nvm;C:\Program Files\nodejs;C:\Users\wajid\AppData\Local\Programs\Python\Python39\Scripts\;C:\Users\wajid\AppData\Local\Programs\Python\Python39\;C:\Users\wajid\AppData\Local\Microsoft\WindowsApps;C:\Users\wajid\.dotnet\tools;C:\Program Files\JetBrains\PyCharm Community Edition 2020.3.3\bin;;C:\Users\wajid\AppData\Roaming\Composer\vendor\bin;C:\Users\wajid\AppData\Roaming\npm;C:\Users\wajid\AppData\Local\Programs\Microsoft VS Code\bin;C:\Users\wajid\AppData\Roaming\nvm;C:\Program Files\nodejs

Yarn version: 
  1.22.10

Node version: 
  14.17.0

Platform: 
  win32 x64

Trace: 
  Error: https://registry.yarnpkg.com/@material-ui/icons/-/icons-4.11.2.tgz: ESOCKETTIMEDOUT
      at ClientRequest.<anonymous> (C:\Users\wajid\AppData\Roaming\npm\node_modules\yarn\lib\cli.js:141289:19)
      at Object.onceWrapper (events.js:482:28)
      at ClientRequest.emit (events.js:376:20)
      at TLSSocket.emitRequestTimeout (_http_client.js:790:9)
      at Object.onceWrapper (events.js:482:28)
      at TLSSocket.emit (events.js:388:22)
      at TLSSocket.Socket._onTimeout (net.js:483:8)
      at listOnTimeout (internal/timers.js:555:17)
      at processTimers (internal/timers.js:498:7)

npm manifest: 
  {
    "name": "serverless-and-express-app",
    "version": "1.0.0",
    "description": "",
    "main": "server.js",
    "scripts": {
      "start": "node backend/server",
      "server": "nodemon backend/server",
      "client": "npm start --prefix frontend",
      "dev": "concurrently \"npm run server\"  \"npm run client\""
    },
    "author": "",
    "license": "ISC",
    "dependencies": {
      "bcryptjs": "^2.4.3",
      "dotenv": "^10.0.0",
      "express": "^4.17.1",
      "jsonwebtoken": "^8.5.1",
      "mongoose": "^5.12.13",
      "serverless-http": "^2.7.0"
    },
    "devDependencies": {
      "serverless-offline": "^7.0.0"
    }
  }

yarn manifest: 
  No manifest

Lockfile: 
  No lockfile
